{"type":"server-started","port":65211,"host":"127.0.0.1","url_host":"localhost","url":"http://localhost:65211","screen_dir":"/Users/deeptijain/Desktop/Deepti/Projects/ReelMind/.superpowers/brainstorm/71349-1779093088/content","state_dir":"/Users/deeptijain/Desktop/Deepti/Projects/ReelMind/.superpowers/brainstorm/71349-1779093088/state"}
{"type":"screen-added","file":"/Users/deeptijain/Desktop/Deepti/Projects/ReelMind/.superpowers/brainstorm/71349-1779093088/content/home-category-card.html"}
{"source":"user-event","type":"click","text":"Cooking\n            12 reels\n          \n        \n        \n          \n            \n            \n            \n            \n          \n          \n            Travel\n            8 reels\n          \n        \n      \n    \n    \n      B — Thumbnail collage + name overlay\n      2×2 grid of reel thumbnails from the category, with name overlaid at the bottom. Rich, content-first feel.","choice":"b","id":null,"timestamp":1779093342171}
{"source":"user-event","type":"click","text":"Cooking\n            12 reels\n          \n        \n        \n          \n            \n            \n            \n            \n          \n          \n            Travel\n            8 reels\n          \n        \n      \n    \n    \n      B — Thumbnail collage + name overlay\n      2×2 grid of reel thumbnails from the category, with name overlaid at the bottom. Rich, content-first feel.","choice":"b","id":null,"timestamp":1779093345755}
{"source":"user-event","type":"click","text":"🍳\n            \n              Cooking\n              12 reels · 2 new\n            \n          \n        \n        \n          \n          \n            ✈️\n            \n              Travel\n              8 reels · 1 new\n            \n          \n        \n      \n    \n    \n      C — Gradient + icon + \"new\" badge\n      Colour gradient unique per category, icon top-left, name + reel count + new-since-last-visit badge. Polished, Pinterest-like.","choice":"c","id":null,"timestamp":1779093346270}
{"type":"screen-added","file":"/Users/deeptijain/Desktop/Deepti/Projects/ReelMind/.superpowers/brainstorm/71349-1779093088/content/screen-home.html"}
{"type":"screen-added","file":"/Users/deeptijain/Desktop/Deepti/Projects/ReelMind/.superpowers/brainstorm/71349-1779093088/content/screen-home-v2.html"}
{"type":"screen-added","file":"/Users/deeptijain/Desktop/Deepti/Projects/ReelMind/.superpowers/brainstorm/71349-1779093088/content/screen-home-v3.html"}
{"type":"screen-added","file":"/Users/deeptijain/Desktop/Deepti/Projects/ReelMind/.superpowers/brainstorm/71349-1779093088/content/screen-category-detail.html"}
{"type":"screen-updated","file":"/Users/deeptijain/Desktop/Deepti/Projects/ReelMind/.superpowers/brainstorm/71349-1779093088/content/screen-category-detail.html"}
{"type":"screen-updated","file":"/Users/deeptijain/Desktop/Deepti/Projects/ReelMind/.superpowers/brainstorm/71349-1779093088/content/screen-category-detail.html"}
{"type":"screen-updated","file":"/Users/deeptijain/Desktop/Deepti/Projects/ReelMind/.superpowers/brainstorm/71349-1779093088/content/screen-category-detail.html"}
{"type":"screen-updated","file":"/Users/deeptijain/Desktop/Deepti/Projects/ReelMind/.superpowers/brainstorm/71349-1779093088/content/screen-category-detail.html"}
{"type":"screen-updated","file":"/Users/deeptijain/Desktop/Deepti/Projects/ReelMind/.superpowers/brainstorm/71349-1779093088/content/screen-category-detail.html"}
{"type":"screen-added","file":"/Users/deeptijain/Desktop/Deepti/Projects/ReelMind/.superpowers/brainstorm/71349-1779093088/content/screen-chat.html"}
{"type":"screen-updated","file":"/Users/deeptijain/Desktop/Deepti/Projects/ReelMind/.superpowers/brainstorm/71349-1779093088/content/screen-chat.html"}
{"type":"screen-updated","file":"/Users/deeptijain/Desktop/Deepti/Projects/ReelMind/.superpowers/brainstorm/71349-1779093088/content/screen-chat.html"}
{"type":"screen-added","file":"/Users/deeptijain/Desktop/Deepti/Projects/ReelMind/.superpowers/brainstorm/71349-1779093088/content/screen-settings.html"}
{"type":"screen-updated","file":"/Users/deeptijain/Desktop/Deepti/Projects/ReelMind/.superpowers/brainstorm/71349-1779093088/content/screen-settings.html"}
{"type":"screen-updated","file":"/Users/deeptijain/Desktop/Deepti/Projects/ReelMind/.superpowers/brainstorm/71349-1779093088/content/screen-settings.html"}
{"type":"screen-updated","file":"/Users/deeptijain/Desktop/Deepti/Projects/ReelMind/.superpowers/brainstorm/71349-1779093088/content/screen-settings.html"}
{"type":"screen-updated","file":"/Users/deeptijain/Desktop/Deepti/Projects/ReelMind/.superpowers/brainstorm/71349-1779093088/content/screen-home-v3.html"}
{"type":"screen-updated","file":"/Users/deeptijain/Desktop/Deepti/Projects/ReelMind/.superpowers/brainstorm/71349-1779093088/content/screen-category-detail.html"}
{"type":"screen-updated","file":"/Users/deeptijain/Desktop/Deepti/Projects/ReelMind/.superpowers/brainstorm/71349-1779093088/content/screen-chat.html"}
{"type":"screen-updated","file":"/Users/deeptijain/Desktop/Deepti/Projects/ReelMind/.superpowers/brainstorm/71349-1779093088/content/screen-settings.html"}
{"type":"screen-updated","file":"/Users/deeptijain/Desktop/Deepti/Projects/ReelMind/.superpowers/brainstorm/71349-1779093088/content/screen-home-v3.html"}
{"type":"screen-updated","file":"/Users/deeptijain/Desktop/Deepti/Projects/ReelMind/.superpowers/brainstorm/71349-1779093088/content/screen-category-detail.html"}
{"type":"screen-updated","file":"/Users/deeptijain/Desktop/Deepti/Projects/ReelMind/.superpowers/brainstorm/71349-1779093088/content/screen-chat.html"}
{"type":"screen-updated","file":"/Users/deeptijain/Desktop/Deepti/Projects/ReelMind/.superpowers/brainstorm/71349-1779093088/content/screen-settings.html"}
{"type":"screen-added","file":"/Users/deeptijain/Desktop/Deepti/Projects/ReelMind/.superpowers/brainstorm/71349-1779093088/content/index.html"}
{"type":"server-stopped","reason":"idle timeout"}
